1555297984865	mozrunner::runner	INFO	Running command: "C:\\Program Files\\Mozilla Firefox\\firefox.exe" "-marionette" "-foreground" "-no-remote" "-profile" "C:\\Users\\qpmch\\AppData\\Local\\Temp\\rust_mozprofile.zsaK2EZtzDTu"
1555297985705	addons.webextension.screenshots@mozilla.org	WARN	Loading extension 'screenshots@mozilla.org': Reading manifest: Invalid extension permission: mozillaAddons
1555297985707	addons.webextension.screenshots@mozilla.org	WARN	Loading extension 'screenshots@mozilla.org': Reading manifest: Invalid extension permission: resource://pdf.js/
1555297985708	addons.webextension.screenshots@mozilla.org	WARN	Loading extension 'screenshots@mozilla.org': Reading manifest: Invalid extension permission: about:reader*
[Parent 19468, Gecko_IOThread] WARNING: pipe error: 109: file z:/build/build/src/ipc/chromium/src/chrome/common/ipc_channel_win.cc, line 332
[Child 20792, Chrome_ChildThread] WARNING: pipe error: 109: file z:/build/build/src/ipc/chromium/src/chrome/common/ipc_channel_win.cc, line 332
[Child 20792, Chrome_ChildThread] WARNING: pipe error: 109: file z:/build/build/src/ipc/chromium/src/chrome/common/ipc_channel_win.cc, line 332
1555297988547	Marionette	INFO	Listening on port 53471
1555297988705	Marionette	WARN	TLS certificate errors will be ignored for this session
[Parent 19468, Gecko_IOThread] WARNING: pipe error: 109: file z:/build/build/src/ipc/chromium/src/chrome/common/ipc_channel_win.cc, line 332
[Child 6436, Chrome_ChildThread] WARNING: pipe error: 109: file z:/build/build/src/ipc/chromium/src/chrome/common/ipc_channel_win.cc, line 332
[Parent 19468, Gecko_IOThread] WARNING: pipe error: 109: file z:/build/build/src/ipc/chromium/src/chrome/common/ipc_channel_win.cc, line 332
1555297999984	Marionette	INFO	Stopped listening on port 53471

###!!! [Child][RunMessage] Error: Channel closing: too late to send/recv, messages will be lost

[GPU 290
###!!! [Child][MessageChannel::SendAndWait] Error: Channel error: cannot send/recv

g manifest: Invalid extension permission: about:reader*
1555297995520	Marionette	INFO	Listening on port 53504
1555297996001	Marionette	WARN	TLS certificate errors will be ignored for this session
[Parent 9740, Gecko_IOThread] WARNING: pipe error: 109: file z:/build/build/src/ipc/chromium/src/chrome/common/ipc_channel_win.cc, line 332
[Parent 9740, Gecko_IOThread] WARNING: pipe error: 109: file z:/build/build/src/ipc/chromium/src/chrome/common/ipc_channel_win.cc, line 332
[Child 15148, Chrome_ChildThread] WARNING: pipe error: 109: file z:/build/build/src/ipc/chromium/src/chrome/common/ipc_channel_win.cc, line 332
[Child 15148, Chrome_ChildThread] WARNING: pipe error: 109: file z:/build/build/src/ipc/chromium/src/chrome/common/ipc_channel_win.cc, line 332
1555298001163	Marionette	INFO	Stopped listening on port 53504

###!!! [Child][RunMessage] Error: Channel closing: too late to send/recv, messages will be lost

[GPU 10001555298002660	Marionette	INFO	Listening on port 53535
1555298003072	Marionette	WARN	TLS certificate errors will be ignored for this session
1555298006239	mozrunner::runner	INFO	Running command: "C:\\Program Files\\Mozilla Firefox\\firefox.exe" "-marionette" "-foreground" "-no-remote" "-profile" "C:\\Users\\qpmch\\AppData\\Local\\Temp\\rust_mozprofile.oea7HY1ag5GV"
1555298006834	addons.webextension.screenshots@mozilla.org	WARN	Loading extension 'screenshots@mozilla.org': Reading manifest: Invalid extension permission: mozillaAddons
1555298006834	addons.webextension.screenshots@mozilla.org	WARN	Loading extension 'screenshots@mozilla.org': Reading manifest: Invalid extension permission: resource://pdf.js/
1555298006834	addons.webextension.screenshots@mozilla.org	WARN	Loading extension 'screenshots@mozilla.org': Reading manifest: Invalid extension permission: about:reader*
1555298009855	Marionette	INFO	Listening on port 53568
1555298010058	Marionette	WARN	TLS certificate errors will be ignored for this session
1555298013235	mozrunner::runner	INFO	Running command: "C:\\Program Files\\Mozilla Firefox\\firefox.exe" "-marionette" "-foreground" "-no-remote" "-profile" "C:\\Users\\qpmch\\AppData\\Local\\Temp\\rust_mozprofile.qLm6nX7kvD7R"
1555298013767	addons.webextension.screenshots@mozilla.org	WARN	Loading extension 'screenshots@mozilla.org': Reading manifest: Invalid extension permission: mozillaAddons
1555298013767	addons.webextension.screenshots@mozilla.org	WARN	Loading extension 'screenshots@mozilla.org': Reading manifest: Invalid extension permission: resource://pdf.js/
1555298013767	addons.webextension.screenshots@mozilla.org	WARN	Loading extension 'screenshots@mozilla.org': Reading manifest: Invalid extension permission: about:reader*
1555298015607	Marionette	INFO	Listening on port 53593
1555298015954	Marionette	WARN	TLS certificate errors will be ignored for this session
[Parent 21284, Gecko_IOThread] WARNING: pipe error: 109: file z:/build/build/src/ipc/chromium/src/chrome/common/ipc_channel_win.cc, line 332
[Child 3060, Chrome_ChildThread] WARNING: pipe error: 109: file z:/build/build/src/ipc/chromium/src/chrome/common/ipc_channel_win.cc, line 332
[Child 9420, Chrome_ChildThread] WARNING: pipe error: 109: file z:/build/build/src/ipc/chromium/src/chrome/common/ipc_channel_win.cc, line 332
[Parent 21284, Gecko_IOThread] WARNING: pipe error: 109: file z:/build/build/src/ipc/chromium/src/chrome/common/ipc_channel_win.cc, line 332
1555298100555	Marionette	INFO	Stopped listening on port 53593

###!!! [Child][RunMessage] Error: Channel closing: too late to send/recv, messages will be lost


###!!! [Child][MessageChannel::SendAndWait] Error: Channel error: cannot send/recv

555298021803	Marionette	WARN	TLS certificate errors will be ignored for this session
[Parent 11912, Gecko_IOThread] WARNING: pipe error: 109: file z:/build/build/src/ipc/chromium/src/chrome/common/ipc_channel_win.cc, line 332

###!!! [Parent][MessageChannel] Error: (msgtype=0x1E0098,name=PBrowser::Msg_UpdateNativeWindowHandle) Closed channel: cannot send/recv


###!!! [Parent][MessageChannel] Error: (msgtype=0x1E0087,name=PBrowser::Msg_Destroy) Closed channel: cannot send/recv

[Child 19120, Chrome_ChildThread] WARNING: pipe error: 109: file z:/build/build/src/ipc/chromium/src/chrome/common/ipc_channel_win.cc, line 332
[
###!!! [Child][MessageChannel] Error: (msgtype=0x1E0001,name=PBrowser::Msg_AsyncMessage) Closed channel: cannot send/recv

Child 19120, Chrome_ChildThread] WARNING: pipe error: 109: file z:/build/build/src/ipc/chromium/src/chrome/common/ipc_channel_win.cc, line 332
JavaScript[Parent  error: 11912, Gecko_IOThread] WARNING: pipe error: 109: file z:/build/build/src/ripc/chroemsource:///actors/AboutReaderChild.jsm, line 80: NS_ERROR_UNEXPECTED: i
um/src/chrome/common/ipc_channel_win.cc, line 332

###!!! [Child][MessageChannel] Error: (msgtype=0x1E002C,name=PBrowser::Msg_SetInputContext) Closed channel: cannot send/recv

[Child 10320, Chrome_ChildThread] WARNING: pipe error: 109: file z:/build/build/src/ipc/chromium/src/chrome/common/ipc_channel_win.cc, line 332
[Child 10320, Chrome_ChildThread] WARN
###!!! [Child][MessageChannel] Error: (msgtype=0x350112,name=PContent::Msg_DetachBrowsingContext) Closed channel: cannot send/recv

9: file z:/build/build/src/ipc/chromium/src/chrome/common/ipc_channel_win.cc, line 332
[Child 10060, Chrome_ChildThread] WARNING: pipe error: 109: file z:/build/build/src/ipc/chromium/src/chrome/common/ipc_channel_win.cc, line 332

###!!! [Child][MessageChannel] Error: (msgtype=0x1E0001,name=PBrowser::Msg_AsyncMessage) Closed channel: cannot send/recv

JavaScript error: resource:///actors/AboutReaderChild.jsm, line 80: NS_ERROR_UNEXPECTED: 

###!!! [Child][MessageChannel] Error: (msgtype=0x1E002C,name=PBrowser::Msg_SetInputContext) Closed channel: cannot send/recv


###!!! [Child][MessageChannel] Error: (msgtype=0x350112,name=PContent::Msg_DetachBrowsingContext) Closed channel: cannot send/recv
[Child 7416, Chrome_ChildThread] WARNING: pipe error: 109: file z:/build/build/src/ipc/chromium/src/chrome/common/ipc_channel_win.cc, line 332
[Child 7416, C[Parent 14108, Gecko_IOThread] WARNING: pipe error: 109: file z:/build/build/src/ipc/chromium/src/chrome/common/ipc_channel_win.cc, line 332

###!!! [Parent][MessageChannel] Error: (msgtype=0x1E0098,name=PBrowser::Msg_UpdateNativeWindowHandle) Closed channel: cannot send/recv


###!!! [Parent][MessageChannel] Error: (msgtype=0x1E0087,name=PBrowser::Msg_Destroy) Closed channel: cannot send/recv

[Child 2060, Chrome_ChildThread] WARNING: pipe error: 109: file z:/build/build/src/ipc/chromium/src/chrome/common/ipc_channel_win.cc, line 332
[Child 2060, Chrome_ChildThread] WARNING: pipe error: 109: file z:/build/build/src/ipc/chromium/src/chrome/common/ipc_channel_win.cc, line 332

###!!! [Child][MessageChannel] Error: (msgtype=0x1E0001,name=PBrowser::Msg_AsyncMessage) Closed channel: cannot send/recv

JavaScript error: resource:///actors/AboutReaderChild.jsm, line 80: NS_ERROR_UNEXPECTED: 

###!!! [Child][MessageChannel] Error: (msgtype=0x1E002C,name=PBrowser::Msg_SetInputContext) Closed channel: cannot send/recv


###!!! [Child][MessageChannel] Error: (msgtype=0x350112,name=PContent::Msg_DetachBrowsingContext) Closed channel: cannot send/recv

 send/recv


###!!! [Child][MessageChannel] Error: (msgtype=0x350112,name=PContent::Msg_DetachBrowsingContext) Closed channel: cannot send/recv
[Child 20976, Chrome_ChildThread] WARNING: pipe error: 109: file z:/build/build/src/ipc/chromium/src/chrome/common/ipc_channel_win.cc, line 332
[Child 20976, 
###!!! [Parent][MessageChannel] Error: (msgtype=0x1E0098,name=PBrowser::Msg_UpdateNativeWindowHandle) Closed channel: cannot send/recv


###!!! [Parent][MessageChannel] Error: (msgtype=0x1E0087,name=PBrowser::Msg_Destroy) Closed channel: cannot send/recv


###!!! [Child][MessageChannel] Error: (msgtype=0x1E0001,name=PBrowser::Msg_AsyncMessage) Closed channel: cannot send/recv

JavaScript error: resource:///actors/AboutReaderChild.jsm, line 80: NS_ERROR_UNEXPECTED: 

###!!! [Child][MessageChannel] Error: (msgtype=0x1E002C,name=PBrowser::Msg_SetInputContext) Closed channel: cannot send/recv


###!!! [Child][MessageChannel] Error: (msgtype=0x350112,name=PContent::Msg_DetachBrowsingContext) Closed channel: cannot send/recv

[Parent 13000, Gecko_IOThread] WARNING: pipe error: 109: file z:/build/build/src/ipc/chromium/src/chrome/common/ipc_channel_win.cc, line 332
[Child 19116, Chrome_ChildThread] WARNING: pipe error: 109: file z:/build/build/src/ipc/chromium/src/chrome/common/ipc_channel_win.cc, line 332
[Child 19116, Chrome_ChildThread] WARNING: pipe error: 109: file z:/build/build/src/ipc/chromium/s
###!!! [Parent][MessageChannel] Error: (msgtype=0x33000B,name=PCompositorWidget::Msg_UnobserveVsync) Channel error: cannot send/recv

: 109: file z:/build/build/src/ipc/chromium/src/chrome/common/ipc_channel_win.cc, line 332
[Child 25364, Chrome_ChildThread] WARNING: pipe error: 109: file z:/build/build/src/ipc/chromium/src/chrome/common/ipc_channel_win.cc, line 332
[
###!!! [Parent][MessageChannel] Error: (msgtype=0x1E0098,name=PBrowser::Msg_UpdateNativeWindowHandle) Closed channel: cannot send/recv

Child 245
###!!! [Parent][MessageChannel] Error: (msgtype=0x1E0087,name=PBrowser::Msg_Destroy) Closed channel: cannot send/recv

16, Chrome_ChildThread] WARNING: pipe error: 109: file z:/build/build/src/ipc/chromium/src/chrome/common/ipc_channel_win.cc, line 332
[Child 24516, Chrome_ChildThread] WARNING: pipe error: 109: file z:/build/build/src/ipc/chromium/src/chrome/common/ipc_channel_win.cc, line 332

###!!! [Child][MessageChannel] Error: (msgtype=0x1E0001,name=PBrowser::Msg_AsyncMessage) Closed channel: cannot send/recv

JavaScript error: resource:///actors/AboutReaderChild.jsm, line 80: NS_ERROR_UNEXPECTED: 

###!!! [Child][MessageChannel] Error: (msgtype=0x1E002C,name=PBrowser::Msg_SetInputContext) Closed channel: cannot send/recv


###!!! [Child][MessageChannel] Error: (msgtype=0x350112,name=PContent::Msg_DetachBrowsingContext) Closed channel: cannot send/recv

eChannel] Error: (msgtype=0x1E0098,name=PBrowser::Msg_UpdateNativeWindowHandle) Closed channel: cannot send/recv


###!!! [Parent][MessageChannel] Error: (msgtype=0x1E0087,name=PBrowser::Msg_Destroy) Closed channel: cannot send/recv


###!!! [Child][MessageChannel] Error: (msgtype=0x1E0001,name=PBrowser::Msg_AsyncMessage) Closed channel: cannot send/recv

JavaScript error: resource:///actors/AboutReaderChild.jsm, line 80: NS_ERROR_UNEXPECTED: 

###!!! [Child][MessageChannel] Error: (msgtype=0x1E002C,name=PBrowser::Msg_SetInputContext) Closed channel: cannot send/recv


###!!! [Child][MessageChannel] Error: (msgtype=0x350112,name=PContent::Msg_DetachBrowsingContext) Closed channel: cannot send/recv

profile" "C:\\Users\\qpmch\\AppData\\Local\\Temp\\rust_mozprofile.GoluPYFaIvFX"
1555298108079	addons.webextension.screenshots@mozilla.org	WARN	Loading extension 'screenshots@mozilla.org': Reading manifest: Invalid extension permission: mozillaAddons
1555298108080	addons.webextension.screenshots@mozilla.org	WARN	Loading extension 'screenshots@mozilla.org': Reading manifest: Invalid extension permission: resource://pdf.js/
1555298108080	addons.webextension.screenshots@mozilla.org	WARN	Loading extension 'screenshots@mozilla.org': Reading manifest: Invalid extension permission: about:reader*
1555298114268	Marionette	INFO	Listening on port 53975
1555298114352	Marionette	WARN	TLS certificate errors will be ignored for this session
[Parent 24104, Gecko_IOThread] WARNING: pipe error: 109: file z:/build/build/src/ipc/chromium/src/chrome/common/ipc_channel_win.cc, line 332
[Child
###!!! [Parent][MessageChannel] Error: (msgtype=0x1E0098,name=PBrowser::Msg_UpdateNativeWindowHandle) Closed channel: cannot send/recv

 16
###!!! [Parent][MessageChannel] Error: (msgtype=0x1E0087,name=PBrowser::Msg_Destroy) Closed channel: cannot send/recv

672, Chrome_ChildThread] WARNING: pipe error: 109: file z:/build/build/src/ipc/chromium/src/chrome/common/ipc_channel_win.cc, line 332

###!!! [Child][MessageChannel] Error: (msgtype=0x1E0001,name=PBrowser::Msg_AsyncMessage) Closed channel: cannot send/recv

JavaScript error: resource:///actors/AboutReaderChild.jsm, line 80: JavaScript error: resource:///modules/aboutpages/AboutPrivateBrowsingHandler.jsm, line 28: TypeError: this.pageListener is undefined
JavaScript error: resource://gre/modules/PlacesUtils.jsm, line 1806: NS_ERROR_UNEXPECTED: Component returned failure code: 0x8000ffff (NS_ERROR_UNEXPECTED) [nsINavHistoryService.shutdownClient]
WARNING: At least one completion condition is taking too long to complete. Conditions: [{"name":"Extension shutdown: webcompat@mozilla.org","state":{"state":"Startup: Run manifest"},"filename":"resource://gre/modules/addons/XPIProvider.jsm","lineNumber":2225,"stack":["resource://gre/modules/addons/XPIProvider.jsm:startup/<:2225","resource://gre/modules/AsyncShutdown.jsm:observe:533"]},{"name":"Extension shutdown: screenshots@mozilla.org","state":{"state":"Startup: Run manifest: asyncEmitManifestEntry(\"background\")"},"filename":"resource://gre/modules/addons/XPIProvider.jsm","lineNumber":2225,"stack":["resource://gre/modules/addons/XPIProvider.jsm:startup/<:2225","resource://gre/modules/AsyncShutdown.jsm:observe:533"]},{"name":"Extension shutdown: formautofill@mozilla.org","state":{"state":"Startup: Run manifest"},"filename":"resource://gre/modules/addons/XPIProvider.jsm","lineNumber":2225,"stack":["resource://gre/modules/addons/XPIProvider.jsm:startup/<:2225","resource://gre/modules/AsyncShutdown.jsm:observe:533"]}] Barrier: profile-change-teardown
1555302164903	mozrunner::runner	INFO	Running command: "C:\\Program Files\\Mozilla Firefox\\firefox.exe" "-marionette" "-foreground" "-no-remote" "-profile" "C:\\Users\\qpmch\\AppData\\Local\\Temp\\rust_mozprofile.GFRjI6NklNbG"
1555302165988	addons.webextension.screenshots@mozilla.org	WARN	Loading extension 'screenshots@mozilla.org': Reading manifest: Invalid extension permission: mozillaAddons
1555302165989	addons.webextension.screenshots@mozilla.org	WARN	Loading extension 'screenshots@mozilla.org': Reading manifest: Invalid extension permission: resource://pdf.js/
1555302165989	addons.webextension.screenshots@mozilla.org	WARN	Loading extension 'screenshots@mozilla.org': Reading manifest: Invalid extension permission: about:reader*
1555302170999	Marionette	INFO	Listening on port 51092
1555302171114	Marionette	WARN	TLS certificate errors will be ignored for this session
[Parent 19844, Gecko_IOThread] WARNING: pipe error: 109: file z:/build/build/src/ipc/chromium/src/chrome/common/ipc_channel_win.cc, line 332
[Parent 19844, Gecko_IOThread] WARNING: pipe error: 109: file z:/build/build/src/ipc/chromium/src/chrome/common/ipc_channel_win.cc, line 332
[Parent 19844, Gecko_IOThread] WARNING: pipe error: 109: file z:/build/build/src/ipc/chromium/src/chrome/common/ipc_channel_win.cc, line 332
1555302175201	Marionette	INFO	Stopped listening on port 51092

###!!! [Child][RunMessage] Error: Channel closing: too late to send/recv, messages will be lost


###!!! [Child][MessageChannel::SendAndWait] Error: Channel error: cannot send/recv

1555302209607	mozrunner::runner	INFO	Running command: "C:\\Program Files\\Mozilla Firefox\\firefox.exe" "-marionette" "-foreground" "-no-remote" "-profile" "C:\\Users\\qpmch\\AppData\\Local\\Temp\\rust_mozprofile.FF1FfjwFPcXw"
1555302211393	addons.webextension.screenshots@mozilla.org	WARN	Loading extension 'screenshots@mozilla.org': Reading manifest: Invalid extension permission: mozillaAddons
1555302211394	addons.webextension.screenshots@mozilla.org	WARN	Loading extension 'screenshots@mozilla.org': Reading manifest: Invalid extension permission: resource://pdf.js/
1555302211394	addons.webextension.screenshots@mozilla.org	WARN	Loading extension 'screenshots@mozilla.org': Reading manifest: Invalid extension permission: about:reader*
1555302216327	Marionette	INFO	Listening on port 51136
1555302216402	Marionette	WARN	TLS certificate errors will be ignored for this session
JavaScript error: resource:///modules/FaviconLoader.jsm, line 477: NS_ERROR_ILLEGAL_VALUE
JavaScript error: resource:///modules/FaviconLoader.jsm, line 477: NS_ERROR_ILLEGAL_VALUE
[Parent 12184, Gecko_IOThread] WARNING: pipe error: 109: file z:/build/build/src/ipc/chromium/src/chrome/common/ipc_channel_win.cc, line 332
[Child 9544, Chrome_ChildThread] WARNING: pipe error: 109: file z:/build/build/src/ipc/chromium/src/chrome/common/ipc_channel_win.cc, line 332

###!!! [Child][RunMessage] Error: Channel closing: too late to send/recv, messages will be lost

[Parent 12184, Gecko_IOThread] WARNING: pipe error: 109: file z:/build/build/src/ipc/chromium/src/chrome/common/ipc_channel_win.cc, line 332
1555302252116	Marionette	INFO	Stopped listening on port 51136

###!!! [Child][RunMessage] Error: Channel closing: too late to send/recv, messages will be lost

[GPU 
###!!! [Child][MessageChannel::SendAndWait] Error: Channel error: cannot send/recv

1555302743597	mozrunner::runner	INFO	Running command: "C:\\Program Files\\Mozilla Firefox\\firefox.exe" "-marionette" "-foreground" "-no-remote" "-profile" "C:\\Users\\qpmch\\AppData\\Local\\Temp\\rust_mozprofile.bUY1ElNGVCr4"
1555302744671	addons.webextension.screenshots@mozilla.org	WARN	Loading extension 'screenshots@mozilla.org': Reading manifest: Invalid extension permission: mozillaAddons
1555302744672	addons.webextension.screenshots@mozilla.org	WARN	Loading extension 'screenshots@mozilla.org': Reading manifest: Invalid extension permission: resource://pdf.js/
1555302744672	addons.webextension.screenshots@mozilla.org	WARN	Loading extension 'screenshots@mozilla.org': Reading manifest: Invalid extension permission: about:reader*
1555302748479	Marionette	INFO	Listening on port 51368
1555302748581	Marionette	WARN	TLS certificate errors will be ignored for this session
[Parent 19972, Gecko_IOThread] WARNING: pipe error: 109: file z:/build/build/src/ipc/chromium/src/chrome/common/ipc_channel_win.cc, line 332
[Child 19196, Chrome_ChildThread] WARNING: pipe error: 109: file z:/build/build/src/ipc/chromium/src/chrome/common/ipc_channel_win.cc, line 332
[Child 19196, Chrome_ChildThread] WARNING: pipe error: 109: file z:/build/build/src/ipc/chromium/src/chrome/common/ipc_channel_win.cc, line 332

###!!! [Child][RunMessage] Error: Channel closing: too late to send/recv, messages will be lost


###!!! [Child][RunMessage] Error: Channel closing: too late to send/recv, messages will be lost

[Parent 19972, Gecko_IOThread] WARNING: pipe error: 109: file z:/build/build/src/ipc/chromium/src/chrome/common/ipc_channel_win.cc, line 332
[Child 10520, Chrome_ChildThread] WARNING: pipe error: 109: file z:/build/build/src/ipc/chromium/src/chrome/common/ipc_channel_win.cc, line 332
[Child 1555302765969	Marionette	INFO	Stopped listening on port 51368

###!!! [Child][RunMessage] Error: Channel closing: too late to send/recv, messages will be lost

[GPU 
###!!! [Child][MessageChannel::SendAndWait] Error: Channel error: cannot send/recv

1555303045219	mozrunner::runner	INFO	Running command: "C:\\Program Files\\Mozilla Firefox\\firefox.exe" "-marionette" "-foreground" "-no-remote" "-profile" "C:\\Users\\qpmch\\AppData\\Local\\Temp\\rust_mozprofile.vWrP4FkcMYLQ"
1555303046345	addons.webextension.screenshots@mozilla.org	WARN	Loading extension 'screenshots@mozilla.org': Reading manifest: Invalid extension permission: mozillaAddons
1555303046345	addons.webextension.screenshots@mozilla.org	WARN	Loading extension 'screenshots@mozilla.org': Reading manifest: Invalid extension permission: resource://pdf.js/
1555303046345	addons.webextension.screenshots@mozilla.org	WARN	Loading extension 'screenshots@mozilla.org': Reading manifest: Invalid extension permission: about:reader*
1555303050458	Marionette	INFO	Listening on port 51511
1555303051050	Marionette	WARN	TLS certificate errors will be ignored for this session
[Parent 20336, Gecko_IOThread] WARNING: pipe error: 109: file z:/build/build/src/ipc/chromium/src/chrome/common/ipc_channel_win.cc, line 332
[Parent 20336, Gecko_IOThread] WARNING: pipe error: 109: file z:/build/build/src/ipc/chromium/src/chrome/common/ipc_channel_win.cc, line 332
[Child 19204, Chrome_ChildThread] WARNING: pipe error: 109: file z:/build/build/src/ipc/chromium/src/chrome/common/ipc_channel_win.cc, line 332
[Child 19204, Chrome_ChildThread] WARNING: pipe error: 109: file z:/build/build/src/ipc/chromium/src/chrome/common/ipc_channel_win.cc, line 332[Parent 20336, Gecko_IOThread] WARNING: pipe error: 109: file z:/build/build/src/ipc/chromium/src/chrome/common/ipc_channel_win.cc, line 332
1555303209869	Marionette	INFO	Stopped listening on port 51511

###!!! [Child][RunMessage] Error: Channel closing: too late to send/recv, messages will be lost

[GPU 12164, Chrome_ChildT
###!!! [Child][MessageChannel::SendAndWait] Error: Channel error: cannot send/recv

is session
[Parent 3920, Gecko_IOThread] WARNING: pipe error: 109: file z:/build/build/src/ipc/chromium/src/chrome/common/ipc_channel_win.cc, line 332
[Child 4836, Chrome_ChildThread] WARNING: pipe error: 109: file z:/build/build/src/ipc/chromium/src/chrome/com[Parent 3920, Gecko_IOThreadm] WARNING:o pipe error: 109: file z:/build/build/src/ipc/chromium/src/chrome/common/ipc_channel_win.cc, line 3n3/2i
pc_channel_win.cc, line 332
[Child 4836, Chrome[Parent 3920, Gecko_IOThread] WARNING: pipe error: 109: file z:/build/build/src/ipc/chromium/src/chrome/common/ipc_channel_win.cc, line 332
1555304732435	Marionette	INFO	Stopped listening on port 51595

###!!! [Child][RunMessage] Error: Channel closing: too late to send/recv, messages will be lost

[GP
###!!! [Child][MessageChannel::SendAndWait] Error: Channel error: cannot send/recv

cate errors will be ignored for this session
[Child 14876, Chrome_ChildThread] WARNING: pipe error: 109: file z:/build/build/src/ipc/chromium/src/chrome/common/ipc_channel_win.cc, line 332
[Child 1487[Child 16452, Chrome_ChildThread] WARNING: pipe error: 109: file z:/build/build/src/ipc/chromium/src/chrome/common/ipc_channel_win.cc, line 332
[Child 16452, Chrome_ChildThread][Parent 19464, Gecko_IOThread] WARNING: pipe error: 109: file z:/build/build/src/ipc/chromium/src/chrome/common/ipc_channel_win.cc, line 332
1555303270051	Marionette	INFO	Stopped listening on port 51665

###!!! [Child][RunMessage] Error: Channel closing: too late to send/recv, messages will be lost

[GPU 19
###!!! [Child][MessageChannel::SendAndWait] Error: Channel error: cannot send/recv

1555303451128	mozrunner::runner	INFO	Running command: "C:\\Program Files\\Mozilla Firefox\\firefox.exe" "-marionette" "-foreground" "-no-remote" "-profile" "C:\\Users\\qpmch\\AppData\\Local\\Temp\\rust_mozprofile.XVcwsQiced58"
1555303452002	addons.webextension.screenshots@mozilla.org	WARN	Loading extension 'screenshots@mozilla.org': Reading manifest: Invalid extension permission: mozillaAddons
1555303452002	addons.webextension.screenshots@mozilla.org	WARN	Loading extension 'screenshots@mozilla.org': Reading manifest: Invalid extension permission: resource://pdf.js/
1555303452002	addons.webextension.screenshots@mozilla.org	WARN	Loading extension 'screenshots@mozilla.org': Reading manifest: Invalid extension permission: about:reader*
1555303455917	Marionette	INFO	Listening on port 51765
1555303456293	Marionette	WARN	TLS certificate errors will be ignored for this session
[Parent 11632, Gecko_IOThread] WARNING: pipe error: 109: file z:/build/build/src/ipc/chromium/src/chrome/common/ipc_channel_win.cc, line 332
[Parent 11632, Gecko_IOThread] WARNING: pipe error: 109: file z:/build/build/src/ipc/chromium/src/chrome/common/ipc_channel_win.cc, line 332
[Child 14576, Chrome_ChildThread] WARNING: pipe error: 109: file z:/build/build/src/ipc/chromium/src/chrome/common/ipc_channel_win.cc, line 332
[Child 14576, Chrome_ChildThread] WARNING: pipe error: 109: file z:/build/build/src/ipc/chromium/src/chrome/common/ipc_channel_win.cc, line 332
1555304974150	Marionette	INFO	Stopped listening on port 51765

###!!! [Child][RunMessage] Error: Channel closing: too late to send/recv, messages will be lost


###!!! [Child][MessageChannel::SendAndWait] Error: Channel error: cannot send/recv

ARN	TLS certificate errors will be ignored for this session
1555303945980	mozrunner::runner	INFO	Running command: "C:\\Program Files\\Mozilla Firefox\\firefox.exe" "-marionette" "-foreground" "-no-remote" "-profile" "C:\\Users\\qpmch\\AppData\\Local\\Temp\\rust_mozprofile.s5cllZ17yeia"
1555303946749	addons.webextension.screenshots@mozilla.org	WARN	Loading extension 'screenshots@mozilla.org': Reading manifest: Invalid extension permission: mozillaAddons
1555303946749	addons.webextension.screenshots@mozilla.org	WARN	Loading extension 'screenshots@mozilla.org': Reading manifest: Invalid extension permission: resource://pdf.js/
1555303946750	addons.webextension.screenshots@mozilla.org	WARN	Loading extension 'screenshots@mozilla.org': Reading manifest: Invalid extension permission: about:reader*
1555303950523	Marionette	INFO	Listening on port 52089
1555303950831	Marionette	WARN	TLS certificate errors will be ignored for this session
[Child 2352, Chrome_ChildThread] WARNING: pipe error: 109: file z:/build/build/src/ipc/chromium/src/chrome/common/ipc_channel_win.cc, line 332
[Child 21555304007552	Marionette	INFO	Stopped listening on port 52089
[GPU 2
###!!! [Child][MessageChannel::SendAndWait] Error: Channel error: cannot send/recv

screenshots@mozilla.org': Reading manifest: Invalid extension permission: mozillaAddons
1555303979514	addons.webextension.screenshots@mozilla.org	WARN	Loading extension 'screenshots@mozilla.org': Reading manifest: Invalid extension permission: resource://pdf.js/
1555303979515	addons.webextension.screenshots@mozilla.org	WARN	Loading extension 'screenshots@mozilla.org': Reading manifest: Invalid extension permission: about:reader*
1555303988803	Marionette	INFO	Listening on port 52150
1555303988909	Marionette	WARN	TLS certificate errors will be ignored for this session
[Parent 19008, Gecko_IOThread] WARNING: pipe error: 109: file z:/build/build/src/ipc/chromium/src/chrome/common/ipc_channel_win.cc, line 332
[Parent 19008, Gecko_IOThread] WARNING: pipe error: 109: file z:/build/build/src/ipc/chromium/src/chrome/common/ipc_channel_win.cc, line 332
[Child 11036, Chrome_ChildThread] WARNING: pipe error: 109: file z:/build/build/src/ipc/chromium/src/chrome/common/ipc_channel_win.cc, line 332
[Child 11036, Chrome_ChildThread] WARNING: pipe error: 109: file z:/build/build/src/ipc/chromium/src/chrome/common/ipc_channel_win.cc, line 332
[Parent 19008, Gecko_IOThread] WARNING: pipe error: 109: file z:/build/build/src/ipc/chromium/src/chrome/common/ipc_channel_win.cc, line 332
[Child 15192, Chrome_ChildThread] WARNING: pipe error: 109: file z:/build/build/src/ipc/chromium/src/chrome/common/ipc_channel_win.cc, line 332
[Child1555304004415	Marionette	INFO	Stopped listening on port 52150
[GPU 5840
###!!! [Child][RunMessage] Error: Channel closing: too late to send/recv, messages will be lost

, Chrome_Ch
###!!! [Child][MessageChannel::SendAndWait] Error: Channel error: cannot send/recv

1555304026682	mozrunner::runner	INFO	Running command: "C:\\Program Files\\Mozilla Firefox\\firefox.exe" "-marionette" "-foreground" "-no-remote" "-profile" "C:\\Users\\qpmch\\AppData\\Local\\Temp\\rust_mozprofile.vUmZcWgjBlVz"
1555304027391	addons.webextension.screenshots@mozilla.org	WARN	Loading extension 'screenshots@mozilla.org': Reading manifest: Invalid extension permission: mozillaAddons
1555304027391	addons.webextension.screenshots@mozilla.org	WARN	Loading extension 'screenshots@mozilla.org': Reading manifest: Invalid extension permission: resource://pdf.js/
1555304027392	addons.webextension.screenshots@mozilla.org	WARN	Loading extension 'screenshots@mozilla.org': Reading manifest: Invalid extension permission: about:reader*
1555304031185	Marionette	INFO	Listening on port 52227
1555304031269	Marionette	WARN	TLS certificate errors will be ignored for this session
[Child 16452, Chrome_ChildThread] WARNING: pipe error: 109: file z:/build/build/src/ipc/chromium/src/chrome/common/ipc_channel_win.cc, line 332
[Child 1[Parent 14792, Gecko_IOThread] WARNING: pipe error: 109: file z:/build/build/src/ipc/chromium/src/chrome/common/ipc_channel_win.cc, line 332
[Child 14064, Chrome_ChildThread] WARNING: pipe error: 109: file z:/build/build/src/ipc/chromium/src/chrome/common/ipc_channel_win.cc, line 332
[Child 14064, Chrome_ChildThread] WARNING: pipe error: 109: file z:/build/build/src/ipc/chromium/src/chrome/common/ipc_channel_win.cc, line 332
1555304221565	Marionette	INFO	Stopped listening on port 52227
[GPU 1
###!!! [Child][MessageChannel::SendAndWait] Error: Channel error: cannot send/recv

*
1555304217977	Marionette	INFO	Listening on port 52414
1555304218644	Marionette	WARN	TLS certificate errors will be ignored for this session
JavaScriMarionette threw an error: TypeError: this.curBrowser.contentBrowser is null
GeckoDriver.prototype.get@chrome://marionette/content/driver.js:1087:3

pt error: resource:///modules/FaviconLoader.jsm, line 477: NS_ERROR_ILLEGAL_VALUE
JavaScript error: resource:///modules/FaviconLoader.jsm, line 477: NS_ERROR_ILLEGAL_VALUE
[Parent 644, Gecko_IOThread] WARNING: pipe error: 109: file z:/build/build/src/ipc/chromium/src/chrome/common/ipc_channel_win.cc, line 332
[Child 13348, Chrome_ChildThread] WARNING: pipe error: 109: file z:/build/build/src/ipcconsole.error: BroadcastService: 
  receivedBroadcastMessage: handler for
  remote-settings/monitor_changes
  threw error:
  Message: Error: Polling for changes failed: NetworkError when attempting to fetch resource..
  Stack:
    remoteSettingsFunction/remoteSettings.pollChanges@resource://services-settings/remote-settings.js:190:13

[Parent 644, Gecko_IOThread] WARNING: pipe error: 109: file z:/build/build/src/ipc/chromium/src/chrome/common/ipc_channel_win.cc, line 332
[Parent 644, Gecko_IOThread] WARNING: pipe error: 109: file z:/build/build/src/ipc/chromium/src/chrome/common/ipc_channel_win.cc, line 332
[Child 13744, Chrome_ChildThread] WARNING: pipe error: 109: file z:/build/build/src/ipc/chromium/src/chrome/common/ipc_channel_win.cc, line 332
[Child 17228, Chrome_ChildThread] WARNING: pipe error: 109: file z:/build/build/src/ipc/chromium/src/chrome/common/ipc_channel_win.cc, line 332
[Child 14056, Chrome_Chi[Child 17228, Chrome_ChildThread] WARNldThreING: ad] WARNING: pipe error: 109: file z:/build/build/src/ipc/chromium/src/chrome/common/ipc_channel_win.cc, line 332
[Child 14056, Chrome_ChildThread] WARNING: pipe error: 109: file z:/build/build/src/ipc/chromium/src/chrome/common/ipc_channel_win.cc, line 332
[Parent 644, Gecko_IOThread] WARNING: pipe error: 109: file z:/build/build/src/ipc/chromium/src/chrome/common/ipc_channel_win.cc, line 332

###!!! [Child][RunMessage] Error: Channel closing: too late to send/recv, messages will be lost


###!!! [Child][RunMessage] Error: Channel closing: too late to send/recv, messages will be lost


###!!! [Child][RunMessage] Error: Channel closing: too late to send/recv, messages will be lost

[Parent 644, Gecko_IOThread] WARNING: pipe error: 109: file z:/build/build/src/ipc/chromium/src/chrome/common/ipc_channel_win.cc, line 332
1555308489903	Marionette	INFO	Stopped listening on port 52414

###!!! [Child][MessageChannel::SendAndWait] Error: Channel error: cannot send/recv

sion: about:reader*
1555305200658	Marionette	INFO	Listening on port 52937
1555305201048	Marionette	WARN	TLS certificate errors will be ignored for this session
console.error: BroadcastService: 
  receivedBroadcastMessage: handler for
  remote-settings/monitor_changes
  threw error:
  Message: Error: Polling for changes failed: NetworkError when attempting to fetch resource..
  Stack:
    remoteSettingsFunction/remoteSettings.pollChanges@resource://services-settings/remote-settings.js:190:13

[Parent 1612, Gecko_IOThread] WARNING: pipe error: 109: file z:/build/build/src/ipc/chromium/src/chrome/common/ipc_channel_win.cc, line 332
[Parent 1612, Gecko_IOThread] WARNING: pipe error: 109: file z:/build/build/src/ipc/ch1555306904904	addons.webextension.screenshots@mozilla.org	WARN	Loading extension 'screenshots@mozilla.org': Reading manifest: Invalid extension permission: mozillaAddons
1555306904905	addons.webextension.screenshots@mozilla.org	WARN	Loading extension 'screenshots@mozilla.org': Reading manifest: Invalid extension permission: resource://pdf.js/
1555306904905	addons.webextension.screenshots@mozilla.org	WARN	Loading extension 'screenshots@mozilla.org': Reading manifest: Invalid extension permission: about:reader*
1555306909098	Marionette	INFO	Listening on port 53606
1555306909692	Marionette	WARN	TLS certificate errors will be ignored for this session
console.error: BroadcastService: 
  receivedBroadcastMessage: handler for
  remote-settings/monitor_changes
  threw error:
  Message: Error: Polling for changes failed: NetworkError when attempting to fetch resource..
  Stack:
    remoteSettingsFunction/remoteSettings.pollChanges@resource://services-settings/remote-settings.js:190:13

[Parent 15768, Gecko_IOThread] WARNING: pipe error: 109: file z:/build/build/src/ipc/chromium/src/chrome/common/ipc_channel_win.cc, line 332
[Child 4404, Chrome_ChildThread] WARNING: pipe error: 109: file z:/build/build/src/ipc/chromium/src/chrome/common/ipc_channel_win.cc, line 332
[Child 4404, Chrome_ChildThread] WARNING: pipe error: 109: file z:/build/build/src/ipc/chromiJavaScript error: resource:///modules/sessionstore/SessionStore.jsm, line 1643: TypeError: subject.QueryInterface is not a function
A content process crashed and MOZ_CRASHREPORTER_SHUTDOWN is set, shutting down
[Parent 15768, Gecko_IOThread] WARNING: pipe error: 109: file z:/build/build/src/ipc/chromium/src/chrome/common/ipc_channel_win.cc, line 332
[Child 10356, Chrome_ChildThread] WARNING: pipe error: 109: file z:/build/build/src/ipc/chromium/src/chrome/common/ipc_channel_win.cc, line 332
[Child 11555308571596	Marionette	INFO	Stopped listening on port 53606

###!!! [Child][RunMessage] Error: Channel closing: too late to send/recv, messages will be lost


###!!! [Child][MessageChannel::SendAndWait] Error: Channel error: cannot send/recv

